  [1m[35m (1.1ms)[0m  [1m[34mSELECT sqlite_version(*)[0m
  [1m[35m (3.4ms)[0m  [1m[35mCREATE TABLE "schema_migrations" ("version" varchar NOT NULL PRIMARY KEY)[0m
  [1m[35m (2.2ms)[0m  [1m[35mCREATE TABLE "ar_internal_metadata" ("key" varchar NOT NULL PRIMARY KEY, "value" varchar, "created_at" datetime(6) NOT NULL, "updated_at" datetime(6) NOT NULL)[0m
  [1m[35m (0.2ms)[0m  [1m[34mSELECT "schema_migrations"."version" FROM "schema_migrations" ORDER BY "schema_migrations"."version" ASC[0m
Migrating to CreateRestaurants (20230626052531)
  [1m[36mTRANSACTION (0.1ms)[0m  [1m[36mbegin transaction[0m
  [1m[35m (0.5ms)[0m  [1m[35mCREATE TABLE "restaurants" ("id" integer PRIMARY KEY AUTOINCREMENT NOT NULL, "name" varchar, "address" text, "created_at" datetime(6) NOT NULL, "updated_at" datetime(6) NOT NULL)[0m
  [1m[36mActiveRecord::SchemaMigration Create (0.3ms)[0m  [1m[32mINSERT INTO "schema_migrations" ("version") VALUES (?)[0m  [["version", "20230626052531"]]
  [1m[36mTRANSACTION (3.7ms)[0m  [1m[36mcommit transaction[0m
Migrating to CreatePizzas (20230626052835)
  [1m[36mTRANSACTION (0.1ms)[0m  [1m[36mbegin transaction[0m
  [1m[35m (0.4ms)[0m  [1m[35mCREATE TABLE "pizzas" ("id" integer PRIMARY KEY AUTOINCREMENT NOT NULL, "name" varchar, "ingredients" varchar, "created_at" datetime(6) NOT NULL, "updated_at" datetime(6) NOT NULL)[0m
  [1m[36mActiveRecord::SchemaMigration Create (0.3ms)[0m  [1m[32mINSERT INTO "schema_migrations" ("version") VALUES (?)[0m  [["version", "20230626052835"]]
  [1m[36mTRANSACTION (2.6ms)[0m  [1m[36mcommit transaction[0m
Migrating to CreateRestaurantPizzas (20230626052942)
  [1m[36mTRANSACTION (0.1ms)[0m  [1m[36mbegin transaction[0m
  [1m[35m (0.7ms)[0m  [1m[35mCREATE TABLE "restaurant_pizzas" ("id" integer PRIMARY KEY AUTOINCREMENT NOT NULL, "price" integer, "pizza_id" integer NOT NULL, "restaurant_id" integer NOT NULL, "created_at" datetime(6) NOT NULL, "updated_at" datetime(6) NOT NULL, CONSTRAINT "fk_rails_ab3bb148dc"
FOREIGN KEY ("pizza_id")
  REFERENCES "pizzas" ("id")
, CONSTRAINT "fk_rails_f279821f06"
FOREIGN KEY ("restaurant_id")
  REFERENCES "restaurants" ("id")
)[0m
  [1m[35m (0.2ms)[0m  [1m[35mCREATE INDEX "index_restaurant_pizzas_on_pizza_id" ON "restaurant_pizzas" ("pizza_id")[0m
  [1m[35m (0.2ms)[0m  [1m[35mCREATE INDEX "index_restaurant_pizzas_on_restaurant_id" ON "restaurant_pizzas" ("restaurant_id")[0m
  [1m[36mActiveRecord::SchemaMigration Create (0.2ms)[0m  [1m[32mINSERT INTO "schema_migrations" ("version") VALUES (?)[0m  [["version", "20230626052942"]]
  [1m[36mTRANSACTION (2.2ms)[0m  [1m[36mcommit transaction[0m
  [1m[36mActiveRecord::InternalMetadata Load (0.4ms)[0m  [1m[34mSELECT "ar_internal_metadata".* FROM "ar_internal_metadata" WHERE "ar_internal_metadata"."key" = ? LIMIT ?[0m  [["key", "environment"], ["LIMIT", 1]]
  [1m[36mTRANSACTION (0.1ms)[0m  [1m[36mbegin transaction[0m
  [1m[36mActiveRecord::InternalMetadata Create (0.4ms)[0m  [1m[32mINSERT INTO "ar_internal_metadata" ("key", "value", "created_at", "updated_at") VALUES (?, ?, ?, ?)[0m  [["key", "environment"], ["value", "development"], ["created_at", "2023-06-26 05:38:39.222406"], ["updated_at", "2023-06-26 05:38:39.222406"]]
  [1m[36mTRANSACTION (2.0ms)[0m  [1m[36mcommit transaction[0m
  [1m[35m (0.1ms)[0m  [1m[34mSELECT sqlite_version(*)[0m
  [1m[35m (0.2ms)[0m  [1m[34mSELECT "schema_migrations"."version" FROM "schema_migrations" ORDER BY "schema_migrations"."version" ASC[0m
  [1m[35m (0.4ms)[0m  [1m[34mSELECT sqlite_version(*)[0m
  [1m[35m (0.2ms)[0m  [1m[34mSELECT "schema_migrations"."version" FROM "schema_migrations" ORDER BY "schema_migrations"."version" ASC[0m
  [1m[35m (0.0ms)[0m  [1m[34mSELECT sqlite_version(*)[0m
  [1m[36mTRANSACTION (0.1ms)[0m  [1m[36mbegin transaction[0m
  [1m[36mPizza Create (0.4ms)[0m  [1m[32mINSERT INTO "pizzas" ("name", "ingredients", "created_at", "updated_at") VALUES (?, ?, ?, ?)[0m  [["name", "Margherita"], ["ingredients", "Tomato, Mozzarella, Basil"], ["created_at", "2023-06-26 07:06:07.653223"], ["updated_at", "2023-06-26 07:06:07.653223"]]
  [1m[36mTRANSACTION (7.6ms)[0m  [1m[36mcommit transaction[0m
  [1m[36mTRANSACTION (0.1ms)[0m  [1m[36mbegin transaction[0m
  [1m[36mPizza Create (0.4ms)[0m  [1m[32mINSERT INTO "pizzas" ("name", "ingredients", "created_at", "updated_at") VALUES (?, ?, ?, ?)[0m  [["name", "Pepperoni"], ["ingredients", "Tomato, Mozzarella, Pepperoni"], ["created_at", "2023-06-26 07:06:07.666917"], ["updated_at", "2023-06-26 07:06:07.666917"]]
  [1m[36mTRANSACTION (2.0ms)[0m  [1m[36mcommit transaction[0m
  [1m[36mTRANSACTION (0.1ms)[0m  [1m[36mbegin transaction[0m
  [1m[36mPizza Create (0.5ms)[0m  [1m[32mINSERT INTO "pizzas" ("name", "ingredients", "created_at", "updated_at") VALUES (?, ?, ?, ?)[0m  [["name", "Vegetarian"], ["ingredients", "Tomato, Mozzarella, Mixed Vegetables"], ["created_at", "2023-06-26 07:06:07.674023"], ["updated_at", "2023-06-26 07:06:07.674023"]]
  [1m[36mTRANSACTION (2.3ms)[0m  [1m[36mcommit transaction[0m
  [1m[36mTRANSACTION (0.1ms)[0m  [1m[36mbegin transaction[0m
  [1m[36mRestaurant Create (0.3ms)[0m  [1m[32mINSERT INTO "restaurants" ("name", "address", "created_at", "updated_at") VALUES (?, ?, ?, ?)[0m  [["name", "Pizza Hut"], ["address", "123 Main St"], ["created_at", "2023-06-26 07:06:07.688212"], ["updated_at", "2023-06-26 07:06:07.688212"]]
  [1m[36mTRANSACTION (1.9ms)[0m  [1m[36mcommit transaction[0m
  [1m[36mTRANSACTION (0.1ms)[0m  [1m[36mbegin transaction[0m
  [1m[36mRestaurant Create (0.3ms)[0m  [1m[32mINSERT INTO "restaurants" ("name", "address", "created_at", "updated_at") VALUES (?, ?, ?, ?)[0m  [["name", "Domino's"], ["address", "456 Elm St"], ["created_at", "2023-06-26 07:06:07.694420"], ["updated_at", "2023-06-26 07:06:07.694420"]]
  [1m[36mTRANSACTION (1.7ms)[0m  [1m[36mcommit transaction[0m
  [1m[36mTRANSACTION (0.1ms)[0m  [1m[36mbegin transaction[0m
  [1m[36mRestaurant Create (0.3ms)[0m  [1m[32mINSERT INTO "restaurants" ("name", "address", "created_at", "updated_at") VALUES (?, ?, ?, ?)[0m  [["name", "Papa John's"], ["address", "789 Oak St"], ["created_at", "2023-06-26 07:06:07.700328"], ["updated_at", "2023-06-26 07:06:07.700328"]]
  [1m[36mTRANSACTION (1.7ms)[0m  [1m[36mcommit transaction[0m
  [1m[36mTRANSACTION (0.3ms)[0m  [1m[36mbegin transaction[0m
  [1m[36mRestaurantPizza Create (0.4ms)[0m  [1m[32mINSERT INTO "restaurant_pizzas" ("price", "pizza_id", "restaurant_id", "created_at", "updated_at") VALUES (?, ?, ?, ?, ?)[0m  [["price", 10], ["pizza_id", 1], ["restaurant_id", 1], ["created_at", "2023-06-26 07:06:07.725331"], ["updated_at", "2023-06-26 07:06:07.725331"]]
  [1m[36mTRANSACTION (1.9ms)[0m  [1m[36mcommit transaction[0m
  [1m[36mTRANSACTION (0.1ms)[0m  [1m[36mbegin transaction[0m
  [1m[36mRestaurantPizza Create (0.3ms)[0m  [1m[32mINSERT INTO "restaurant_pizzas" ("price", "pizza_id", "restaurant_id", "created_at", "updated_at") VALUES (?, ?, ?, ?, ?)[0m  [["price", 12], ["pizza_id", 2], ["restaurant_id", 2], ["created_at", "2023-06-26 07:06:07.732122"], ["updated_at", "2023-06-26 07:06:07.732122"]]
  [1m[36mTRANSACTION (3.2ms)[0m  [1m[36mcommit transaction[0m
  [1m[36mTRANSACTION (0.1ms)[0m  [1m[36mbegin transaction[0m
  [1m[36mRestaurantPizza Create (0.3ms)[0m  [1m[32mINSERT INTO "restaurant_pizzas" ("price", "pizza_id", "restaurant_id", "created_at", "updated_at") VALUES (?, ?, ?, ?, ?)[0m  [["price", 11], ["pizza_id", 3], ["restaurant_id", 3], ["created_at", "2023-06-26 07:06:07.739762"], ["updated_at", "2023-06-26 07:06:07.739762"]]
  [1m[36mTRANSACTION (2.9ms)[0m  [1m[36mcommit transaction[0m
Started GET "/" for 127.0.0.1 at 2023-06-26 10:06:25 +0300
  [1m[35m (0.5ms)[0m  [1m[34mSELECT sqlite_version(*)[0m
  [1m[35m (0.1ms)[0m  [1m[34mSELECT "schema_migrations"."version" FROM "schema_migrations" ORDER BY "schema_migrations"."version" ASC[0m
Processing by Rails::WelcomeController#index as HTML
  Rendering /var/lib/gems/3.0.0/gems/railties-6.1.7.3/lib/rails/templates/rails/welcome/index.html.erb
  Rendered /var/lib/gems/3.0.0/gems/railties-6.1.7.3/lib/rails/templates/rails/welcome/index.html.erb (Duration: 5.7ms | Allocations: 536)
Completed 200 OK in 16ms (Views: 10.2ms | ActiveRecord: 0.0ms | Allocations: 4498)


Started GET "/favicon.ico" for 127.0.0.1 at 2023-06-26 10:06:25 +0300
  
ActionController::RoutingError (No route matches [GET] "/favicon.ico"):
  
Started GET "/restaurants" for 127.0.0.1 at 2023-06-26 10:06:35 +0300
Processing by RestaurantsController#index as HTML
  [1m[36mRestaurant Load (0.3ms)[0m  [1m[34mSELECT "restaurants".* FROM "restaurants"[0m
  ↳ app/controllers/restaurants_controller.rb:4:in `index'
Completed 200 OK in 11ms (Views: 6.4ms | ActiveRecord: 0.8ms | Allocations: 6647)


Started GET "/pizzas" for 127.0.0.1 at 2023-06-26 10:06:41 +0300
Processing by PizzasController#index as HTML
  [1m[36mPizza Load (0.3ms)[0m  [1m[34mSELECT "pizzas".* FROM "pizzas"[0m
  ↳ app/controllers/pizzas_controller.rb:4:in `index'
Completed 200 OK in 8ms (Views: 4.8ms | ActiveRecord: 0.7ms | Allocations: 5018)


Started GET "/" for ::1 at 2023-06-26 10:53:24 +0300
Processing by Rails::WelcomeController#index as HTML
  Rendering /var/lib/gems/3.0.0/gems/railties-6.1.7.3/lib/rails/templates/rails/welcome/index.html.erb
  Rendered /var/lib/gems/3.0.0/gems/railties-6.1.7.3/lib/rails/templates/rails/welcome/index.html.erb (Duration: 4.8ms | Allocations: 211)
Completed 200 OK in 8ms (Views: 6.6ms | Allocations: 1013)


Started GET "/favicon.ico" for ::1 at 2023-06-26 10:53:24 +0300
  
ActionController::RoutingError (No route matches [GET] "/favicon.ico"):
  
Started GET "/restaurants" for ::1 at 2023-06-26 10:53:32 +0300
Processing by RestaurantsController#index as HTML
  [1m[35m (0.1ms)[0m  [1m[34mSELECT sqlite_version(*)[0m
  ↳ app/controllers/restaurants_controller.rb:4:in `index'
  [1m[36mRestaurant Load (0.5ms)[0m  [1m[34mSELECT "restaurants".* FROM "restaurants"[0m
  ↳ app/controllers/restaurants_controller.rb:4:in `index'
Completed 200 OK in 13ms (Views: 9.9ms | ActiveRecord: 1.0ms | Allocations: 5676)


Started GET "/restaurants" for ::1 at 2023-06-26 10:54:38 +0300
  [1m[35m (0.6ms)[0m  [1m[34mSELECT sqlite_version(*)[0m
  [1m[35m (0.2ms)[0m  [1m[34mSELECT "schema_migrations"."version" FROM "schema_migrations" ORDER BY "schema_migrations"."version" ASC[0m
Processing by RestaurantsController#index as */*
  [1m[36mRestaurant Load (0.2ms)[0m  [1m[34mSELECT "restaurants".* FROM "restaurants"[0m
  ↳ app/controllers/restaurants_controller.rb:4:in `index'
Completed 200 OK in 15ms (Views: 6.1ms | ActiveRecord: 0.6ms | Allocations: 8761)


Started GET "/restaurants/1" for ::1 at 2023-06-26 10:54:43 +0300
Processing by RestaurantsController#show as */*
  Parameters: {"id"=>"1"}
  [1m[36mRestaurant Load (0.4ms)[0m  [1m[34mSELECT "restaurants".* FROM "restaurants" WHERE "restaurants"."id" = ? LIMIT ?[0m  [["id", 1], ["LIMIT", 1]]
  ↳ app/controllers/restaurants_controller.rb:8:in `show'
Completed 200 OK in 6ms (Views: 0.9ms | ActiveRecord: 0.4ms | Allocations: 1546)


Started DELETE "/restaurants/1" for ::1 at 2023-06-26 10:54:48 +0300
Processing by RestaurantsController#destroy as */*
  Parameters: {"id"=>"1"}
  [1m[36mRestaurant Load (0.1ms)[0m  [1m[34mSELECT "restaurants".* FROM "restaurants" WHERE "restaurants"."id" = ? LIMIT ?[0m  [["id", 1], ["LIMIT", 1]]
  ↳ app/controllers/restaurants_controller.rb:18:in `destroy'
  [1m[36mTRANSACTION (0.1ms)[0m  [1m[36mbegin transaction[0m
  ↳ app/controllers/restaurants_controller.rb:21:in `destroy'
  [1m[36mRestaurantPizza Load (0.2ms)[0m  [1m[34mSELECT "restaurant_pizzas".* FROM "restaurant_pizzas" WHERE "restaurant_pizzas"."restaurant_id" = ?[0m  [["restaurant_id", 1]]
  ↳ app/controllers/restaurants_controller.rb:21:in `destroy'
  [1m[36mRestaurantPizza Destroy (0.6ms)[0m  [1m[31mDELETE FROM "restaurant_pizzas" WHERE "restaurant_pizzas"."id" = ?[0m  [["id", 1]]
  ↳ app/controllers/restaurants_controller.rb:21:in `destroy'
  [1m[36mRestaurant Destroy (0.3ms)[0m  [1m[31mDELETE FROM "restaurants" WHERE "restaurants"."id" = ?[0m  [["id", 1]]
  ↳ app/controllers/restaurants_controller.rb:21:in `destroy'
  [1m[36mTRANSACTION (7.5ms)[0m  [1m[36mcommit transaction[0m
  ↳ app/controllers/restaurants_controller.rb:21:in `destroy'
Completed 204 No Content in 35ms (ActiveRecord: 9.2ms | Allocations: 14715)


Started GET "/restaurants/1" for ::1 at 2023-06-26 10:55:04 +0300
Processing by RestaurantsController#show as */*
  Parameters: {"id"=>"1"}
  [1m[36mRestaurant Load (0.1ms)[0m  [1m[34mSELECT "restaurants".* FROM "restaurants" WHERE "restaurants"."id" = ? LIMIT ?[0m  [["id", 1], ["LIMIT", 1]]
  ↳ app/controllers/restaurants_controller.rb:8:in `show'
Completed 404 Not Found in 1ms (Views: 0.3ms | ActiveRecord: 0.1ms | Allocations: 590)


Started GET "/restaurants/1" for ::1 at 2023-06-26 11:25:17 +0300
  [1m[35m (0.5ms)[0m  [1m[34mSELECT sqlite_version(*)[0m
  [1m[35m (0.2ms)[0m  [1m[34mSELECT "schema_migrations"."version" FROM "schema_migrations" ORDER BY "schema_migrations"."version" ASC[0m
Processing by RestaurantsController#show as */*
  Parameters: {"id"=>"1"}
  [1m[36mRestaurant Load (0.2ms)[0m  [1m[34mSELECT "restaurants".* FROM "restaurants" WHERE "restaurants"."id" = ? LIMIT ?[0m  [["id", 1], ["LIMIT", 1]]
  ↳ app/controllers/restaurants_controller.rb:8:in `show'
Completed 404 Not Found in 11ms (Views: 0.3ms | ActiveRecord: 0.6ms | Allocations: 6718)


Started GET "/restaurants/2" for ::1 at 2023-06-26 11:25:21 +0300
Processing by RestaurantsController#show as */*
  Parameters: {"id"=>"2"}
  [1m[36mRestaurant Load (0.2ms)[0m  [1m[34mSELECT "restaurants".* FROM "restaurants" WHERE "restaurants"."id" = ? LIMIT ?[0m  [["id", 2], ["LIMIT", 1]]
  ↳ app/controllers/restaurants_controller.rb:8:in `show'
Completed 200 OK in 7ms (Views: 0.9ms | ActiveRecord: 0.7ms | Allocations: 3020)


  [1m[35m (0.8ms)[0m  [1m[34mSELECT sqlite_version(*)[0m
  [1m[35m (0.1ms)[0m  [1m[34mSELECT "schema_migrations"."version" FROM "schema_migrations" ORDER BY "schema_migrations"."version" ASC[0m
  [1m[36mActiveRecord::InternalMetadata Load (0.1ms)[0m  [1m[34mSELECT "ar_internal_metadata".* FROM "ar_internal_metadata" WHERE "ar_internal_metadata"."key" = ? LIMIT ?[0m  [["key", "environment"], ["LIMIT", 1]]
  [1m[35m (0.0ms)[0m  [1m[34mSELECT sqlite_version(*)[0m
  [1m[35m (0.1ms)[0m  [1m[34mSELECT "schema_migrations"."version" FROM "schema_migrations" ORDER BY "schema_migrations"."version" ASC[0m
Started GET "/restaurants/1" for ::1 at 2023-06-26 11:43:04 +0300
  [1m[35m (0.3ms)[0m  [1m[34mSELECT sqlite_version(*)[0m
  [1m[35m (0.1ms)[0m  [1m[34mSELECT "schema_migrations"."version" FROM "schema_migrations" ORDER BY "schema_migrations"."version" ASC[0m
Processing by RestaurantsController#show as */*
  Parameters: {"id"=>"1"}
  [1m[36mRestaurant Load (0.1ms)[0m  [1m[34mSELECT "restaurants".* FROM "restaurants" WHERE "restaurants"."id" = ? LIMIT ?[0m  [["id", 1], ["LIMIT", 1]]
  ↳ app/controllers/restaurants_controller.rb:8:in `show'
Completed 404 Not Found in 9ms (Views: 0.2ms | ActiveRecord: 0.2ms | Allocations: 7753)


Started GET "/restaurants/2" for ::1 at 2023-06-26 11:43:13 +0300
Processing by RestaurantsController#show as */*
  Parameters: {"id"=>"2"}
  [1m[36mRestaurant Load (0.1ms)[0m  [1m[34mSELECT "restaurants".* FROM "restaurants" WHERE "restaurants"."id" = ? LIMIT ?[0m  [["id", 2], ["LIMIT", 1]]
  ↳ app/controllers/restaurants_controller.rb:8:in `show'
Completed 200 OK in 3ms (Views: 0.3ms | ActiveRecord: 0.2ms | Allocations: 3020)


Started DELETE "/restaurants/2" for ::1 at 2023-06-26 11:43:17 +0300
Processing by RestaurantsController#destroy as */*
  Parameters: {"id"=>"2"}
  [1m[36mRestaurant Load (0.1ms)[0m  [1m[34mSELECT "restaurants".* FROM "restaurants" WHERE "restaurants"."id" = ? LIMIT ?[0m  [["id", 2], ["LIMIT", 1]]
  ↳ app/controllers/restaurants_controller.rb:18:in `destroy'
  [1m[36mTRANSACTION (0.1ms)[0m  [1m[36mbegin transaction[0m
  ↳ app/controllers/restaurants_controller.rb:21:in `destroy'
  [1m[36mRestaurantPizza Load (0.2ms)[0m  [1m[34mSELECT "restaurant_pizzas".* FROM "restaurant_pizzas" WHERE "restaurant_pizzas"."restaurant_id" = ?[0m  [["restaurant_id", 2]]
  ↳ app/controllers/restaurants_controller.rb:21:in `destroy'
  [1m[36mRestaurantPizza Destroy (0.2ms)[0m  [1m[31mDELETE FROM "restaurant_pizzas" WHERE "restaurant_pizzas"."id" = ?[0m  [["id", 2]]
  ↳ app/controllers/restaurants_controller.rb:21:in `destroy'
  [1m[36mRestaurant Destroy (0.1ms)[0m  [1m[31mDELETE FROM "restaurants" WHERE "restaurants"."id" = ?[0m  [["id", 2]]
  ↳ app/controllers/restaurants_controller.rb:21:in `destroy'
  [1m[36mTRANSACTION (2.6ms)[0m  [1m[36mcommit transaction[0m
  ↳ app/controllers/restaurants_controller.rb:21:in `destroy'
Completed 204 No Content in 38ms (ActiveRecord: 3.7ms | Allocations: 15409)


Started DELETE "/restaurant_pizzas" for ::1 at 2023-06-26 12:05:23 +0300
  
ActionController::RoutingError (No route matches [DELETE] "/restaurant_pizzas"):
  
Started POST "/restaurant_pizzas" for ::1 at 2023-06-26 12:05:43 +0300
  
NameError (undefined local variable or method `pizza_id' for RestaurantPizza:Class):
  
app/models/restaurant_pizza.rb:5:in `<class:RestaurantPizza>'
app/models/restaurant_pizza.rb:1:in `<main>'
Started POST "/restaurant_pizzas" for ::1 at 2023-06-26 12:06:56 +0300
  
NameError (undefined local variable or method `pizza_id' for RestaurantPizza:Class):
  
app/models/restaurant_pizza.rb:5:in `<class:RestaurantPizza>'
app/models/restaurant_pizza.rb:1:in `<main>'
Started POST "/restaurant_pizzas" for ::1 at 2023-06-26 12:14:20 +0300
  [1m[35m (0.0ms)[0m  [1m[34mSELECT sqlite_version(*)[0m
Processing by RestaurantPizzasController#create as */*
  Parameters: {"price"=>20, "restaurant_id"=>2, "pizza_id"=>1, "restaurant_pizza"=>{"price"=>20, "pizza_id"=>1, "restaurant_id"=>2}}
[31mUnpermitted parameter: :restaurant_pizza[0m
  [1m[36mTRANSACTION (0.0ms)[0m  [1m[36mbegin transaction[0m
  ↳ app/controllers/restaurant_pizzas_controller.rb:3:in `create'
  [1m[36mPizza Load (0.1ms)[0m  [1m[34mSELECT "pizzas".* FROM "pizzas" WHERE "pizzas"."id" = ? LIMIT ?[0m  [["id", 1], ["LIMIT", 1]]
  ↳ app/controllers/restaurant_pizzas_controller.rb:3:in `create'
  [1m[36mRestaurant Load (0.1ms)[0m  [1m[34mSELECT "restaurants".* FROM "restaurants" WHERE "restaurants"."id" = ? LIMIT ?[0m  [["id", 2], ["LIMIT", 1]]
  ↳ app/controllers/restaurant_pizzas_controller.rb:3:in `create'
  [1m[36mTRANSACTION (0.0ms)[0m  [1m[31mrollback transaction[0m
  ↳ app/controllers/restaurant_pizzas_controller.rb:3:in `create'
Completed 422 Unprocessable Entity in 16ms (ActiveRecord: 0.8ms | Allocations: 15203)


  
ActiveRecord::RecordInvalid (Validation failed: Restaurant must exist):
  
app/controllers/restaurant_pizzas_controller.rb:3:in `create'
Started POST "/restaurant_pizzas" for ::1 at 2023-06-26 12:15:00 +0300
Processing by RestaurantPizzasController#create as */*
  Parameters: {"price"=>20, "restaurant_id"=>3, "pizza_id"=>1, "restaurant_pizza"=>{"price"=>20, "pizza_id"=>1, "restaurant_id"=>3}}
[31mUnpermitted parameter: :restaurant_pizza[0m
  [1m[36mTRANSACTION (0.0ms)[0m  [1m[36mbegin transaction[0m
  ↳ app/controllers/restaurant_pizzas_controller.rb:3:in `create'
  [1m[36mPizza Load (0.1ms)[0m  [1m[34mSELECT "pizzas".* FROM "pizzas" WHERE "pizzas"."id" = ? LIMIT ?[0m  [["id", 1], ["LIMIT", 1]]
  ↳ app/controllers/restaurant_pizzas_controller.rb:3:in `create'
  [1m[36mRestaurant Load (0.0ms)[0m  [1m[34mSELECT "restaurants".* FROM "restaurants" WHERE "restaurants"."id" = ? LIMIT ?[0m  [["id", 3], ["LIMIT", 1]]
  ↳ app/controllers/restaurant_pizzas_controller.rb:3:in `create'
  [1m[36mRestaurantPizza Create (0.2ms)[0m  [1m[32mINSERT INTO "restaurant_pizzas" ("price", "pizza_id", "restaurant_id", "created_at", "updated_at") VALUES (?, ?, ?, ?, ?)[0m  [["price", 20], ["pizza_id", 1], ["restaurant_id", 3], ["created_at", "2023-06-26 09:15:00.848539"], ["updated_at", "2023-06-26 09:15:00.848539"]]
  ↳ app/controllers/restaurant_pizzas_controller.rb:3:in `create'
  [1m[36mTRANSACTION (11.1ms)[0m  [1m[36mcommit transaction[0m
  ↳ app/controllers/restaurant_pizzas_controller.rb:3:in `create'
Completed 201 Created in 22ms (Views: 1.5ms | ActiveRecord: 11.5ms | Allocations: 6565)


  [1m[35m (0.3ms)[0m  [1m[34mSELECT sqlite_version(*)[0m
  [1m[35m (0.1ms)[0m  [1m[34mSELECT "schema_migrations"."version" FROM "schema_migrations" ORDER BY "schema_migrations"."version" ASC[0m
  [1m[35m (0.1ms)[0m  [1m[34mSELECT "ar_internal_metadata"."value" FROM "ar_internal_metadata" WHERE "ar_internal_metadata"."key" = ?[0m  [["key", "environment"]]
  [1m[35m (0.0ms)[0m  [1m[34mSELECT "schema_migrations"."version" FROM "schema_migrations" ORDER BY "schema_migrations"."version" ASC[0m
  [1m[35m (0.0ms)[0m  [1m[34mSELECT "ar_internal_metadata"."value" FROM "ar_internal_metadata" WHERE "ar_internal_metadata"."key" = ?[0m  [["key", "environment"]]
  [1m[35m (0.0ms)[0m  [1m[34mSELECT "schema_migrations"."version" FROM "schema_migrations" ORDER BY "schema_migrations"."version" ASC[0m
  [1m[35m (0.0ms)[0m  [1m[34mSELECT "ar_internal_metadata"."value" FROM "ar_internal_metadata" WHERE "ar_internal_metadata"."key" = ?[0m  [["key", "environment"]]
  [1m[35m (0.0ms)[0m  [1m[34mSELECT sqlite_version(*)[0m
  [1m[35m (0.0ms)[0m  [1m[35mPRAGMA foreign_keys[0m
  [1m[35m (0.0ms)[0m  [1m[35mPRAGMA defer_foreign_keys[0m
  [1m[35m (0.0ms)[0m  [1m[35mPRAGMA defer_foreign_keys = ON[0m
  [1m[35m (0.0ms)[0m  [1m[35mPRAGMA foreign_keys = OFF[0m
  [1m[36mTruncate Tables (13.5ms)[0m  [1m[31mDELETE FROM "restaurants";
DELETE FROM "pizzas";
DELETE FROM "restaurant_pizzas"[0m
  [1m[35m (0.1ms)[0m  [1m[35mPRAGMA defer_foreign_keys = 0[0m
  [1m[35m (0.0ms)[0m  [1m[35mPRAGMA foreign_keys = 1[0m
  [1m[35m (0.0ms)[0m  [1m[34mSELECT sqlite_version(*)[0m
  [1m[35m (0.1ms)[0m  [1m[34mSELECT "schema_migrations"."version" FROM "schema_migrations" ORDER BY "schema_migrations"."version" ASC[0m
  [1m[35m (0.1ms)[0m  [1m[34mSELECT sqlite_version(*)[0m
  [1m[36mTRANSACTION (0.0ms)[0m  [1m[36mbegin transaction[0m
  [1m[36mPizza Create (0.2ms)[0m  [1m[32mINSERT INTO "pizzas" ("name", "ingredients", "created_at", "updated_at") VALUES (?, ?, ?, ?)[0m  [["name", "Margherita"], ["ingredients", "Tomato, Mozzarella, Basil"], ["created_at", "2023-06-26 09:15:49.052420"], ["updated_at", "2023-06-26 09:15:49.052420"]]
  [1m[36mTRANSACTION (1.8ms)[0m  [1m[36mcommit transaction[0m
  [1m[36mTRANSACTION (0.0ms)[0m  [1m[36mbegin transaction[0m
  [1m[36mPizza Create (0.1ms)[0m  [1m[32mINSERT INTO "pizzas" ("name", "ingredients", "created_at", "updated_at") VALUES (?, ?, ?, ?)[0m  [["name", "Pepperoni"], ["ingredients", "Tomato, Mozzarella, Pepperoni"], ["created_at", "2023-06-26 09:15:49.058184"], ["updated_at", "2023-06-26 09:15:49.058184"]]
  [1m[36mTRANSACTION (1.6ms)[0m  [1m[36mcommit transaction[0m
  [1m[36mTRANSACTION (0.0ms)[0m  [1m[36mbegin transaction[0m
  [1m[36mPizza Create (0.2ms)[0m  [1m[32mINSERT INTO "pizzas" ("name", "ingredients", "created_at", "updated_at") VALUES (?, ?, ?, ?)[0m  [["name", "Vegetarian"], ["ingredients", "Tomato, Mozzarella, Mixed Vegetables"], ["created_at", "2023-06-26 09:15:49.063037"], ["updated_at", "2023-06-26 09:15:49.063037"]]
  [1m[36mTRANSACTION (1.6ms)[0m  [1m[36mcommit transaction[0m
  [1m[36mTRANSACTION (0.0ms)[0m  [1m[36mbegin transaction[0m
  [1m[36mRestaurant Create (0.2ms)[0m  [1m[32mINSERT INTO "restaurants" ("name", "address", "created_at", "updated_at") VALUES (?, ?, ?, ?)[0m  [["name", "Pizza Hut"], ["address", "123 Main St"], ["created_at", "2023-06-26 09:15:49.073128"], ["updated_at", "2023-06-26 09:15:49.073128"]]
  [1m[36mTRANSACTION (1.8ms)[0m  [1m[36mcommit transaction[0m
  [1m[36mTRANSACTION (0.0ms)[0m  [1m[36mbegin transaction[0m
  [1m[36mRestaurant Create (0.1ms)[0m  [1m[32mINSERT INTO "restaurants" ("name", "address", "created_at", "updated_at") VALUES (?, ?, ?, ?)[0m  [["name", "Domino's"], ["address", "456 Elm St"], ["created_at", "2023-06-26 09:15:49.079208"], ["updated_at", "2023-06-26 09:15:49.079208"]]
  [1m[36mTRANSACTION (2.1ms)[0m  [1m[36mcommit transaction[0m
  [1m[36mTRANSACTION (0.0ms)[0m  [1m[36mbegin transaction[0m
  [1m[36mRestaurant Create (0.1ms)[0m  [1m[32mINSERT INTO "restaurants" ("name", "address", "created_at", "updated_at") VALUES (?, ?, ?, ?)[0m  [["name", "Papa John's"], ["address", "789 Oak St"], ["created_at", "2023-06-26 09:15:49.083653"], ["updated_at", "2023-06-26 09:15:49.083653"]]
  [1m[36mTRANSACTION (1.5ms)[0m  [1m[36mcommit transaction[0m
  [1m[36mTRANSACTION (0.0ms)[0m  [1m[36mbegin transaction[0m
  [1m[36mRestaurantPizza Create (0.2ms)[0m  [1m[32mINSERT INTO "restaurant_pizzas" ("price", "pizza_id", "restaurant_id", "created_at", "updated_at") VALUES (?, ?, ?, ?, ?)[0m  [["price", 10], ["pizza_id", 4], ["restaurant_id", 4], ["created_at", "2023-06-26 09:15:49.092415"], ["updated_at", "2023-06-26 09:15:49.092415"]]
  [1m[36mTRANSACTION (1.5ms)[0m  [1m[36mcommit transaction[0m
  [1m[36mTRANSACTION (0.0ms)[0m  [1m[36mbegin transaction[0m
  [1m[36mRestaurantPizza Create (0.1ms)[0m  [1m[32mINSERT INTO "restaurant_pizzas" ("price", "pizza_id", "restaurant_id", "created_at", "updated_at") VALUES (?, ?, ?, ?, ?)[0m  [["price", 12], ["pizza_id", 5], ["restaurant_id", 5], ["created_at", "2023-06-26 09:15:49.096127"], ["updated_at", "2023-06-26 09:15:49.096127"]]
  [1m[36mTRANSACTION (1.7ms)[0m  [1m[36mcommit transaction[0m
  [1m[36mTRANSACTION (0.0ms)[0m  [1m[36mbegin transaction[0m
  [1m[36mRestaurantPizza Create (0.1ms)[0m  [1m[32mINSERT INTO "restaurant_pizzas" ("price", "pizza_id", "restaurant_id", "created_at", "updated_at") VALUES (?, ?, ?, ?, ?)[0m  [["price", 11], ["pizza_id", 6], ["restaurant_id", 6], ["created_at", "2023-06-26 09:15:49.099850"], ["updated_at", "2023-06-26 09:15:49.099850"]]
  [1m[36mTRANSACTION (1.4ms)[0m  [1m[36mcommit transaction[0m
Started POST "/restaurant/1" for ::1 at 2023-06-26 12:16:00 +0300
  
ActionController::RoutingError (No route matches [POST] "/restaurant/1"):
  
Started POST "/restaurant/2" for ::1 at 2023-06-26 12:16:05 +0300
  
ActionController::RoutingError (No route matches [POST] "/restaurant/2"):
  
Started POST "/restaurant/3" for ::1 at 2023-06-26 12:16:06 +0300
  
ActionController::RoutingError (No route matches [POST] "/restaurant/3"):
  
Started POST "/restaurants/3" for ::1 at 2023-06-26 12:16:11 +0300
  
ActionController::RoutingError (No route matches [POST] "/restaurants/3"):
  
Started GET "/restaurants/3" for ::1 at 2023-06-26 12:16:31 +0300
Processing by RestaurantsController#show as */*
  Parameters: {"price"=>20, "restaurant_id"=>3, "pizza_id"=>1, "id"=>"3", "restaurant"=>{}}
  [1m[36mRestaurant Load (0.1ms)[0m  [1m[34mSELECT "restaurants".* FROM "restaurants" WHERE "restaurants"."id" = ? LIMIT ?[0m  [["id", 3], ["LIMIT", 1]]
  ↳ app/controllers/restaurants_controller.rb:8:in `show'
Completed 404 Not Found in 1ms (Views: 0.1ms | ActiveRecord: 0.1ms | Allocations: 874)


Started GET "/restaurants/2" for ::1 at 2023-06-26 12:16:36 +0300
Processing by RestaurantsController#show as */*
  Parameters: {"price"=>20, "restaurant_id"=>3, "pizza_id"=>1, "id"=>"2", "restaurant"=>{}}
  [1m[36mRestaurant Load (0.1ms)[0m  [1m[34mSELECT "restaurants".* FROM "restaurants" WHERE "restaurants"."id" = ? LIMIT ?[0m  [["id", 2], ["LIMIT", 1]]
  ↳ app/controllers/restaurants_controller.rb:8:in `show'
Completed 404 Not Found in 1ms (Views: 0.1ms | ActiveRecord: 0.1ms | Allocations: 484)


Started GET "/restaurants/1" for ::1 at 2023-06-26 12:16:38 +0300
Processing by RestaurantsController#show as */*
  Parameters: {"price"=>20, "restaurant_id"=>3, "pizza_id"=>1, "id"=>"1", "restaurant"=>{}}
  [1m[36mRestaurant Load (0.1ms)[0m  [1m[34mSELECT "restaurants".* FROM "restaurants" WHERE "restaurants"."id" = ? LIMIT ?[0m  [["id", 1], ["LIMIT", 1]]
  ↳ app/controllers/restaurants_controller.rb:8:in `show'
Completed 404 Not Found in 1ms (Views: 0.1ms | ActiveRecord: 0.1ms | Allocations: 506)


Started GET "/restaurants" for ::1 at 2023-06-26 12:16:43 +0300
Processing by RestaurantsController#index as */*
  Parameters: {"price"=>20, "restaurant_id"=>3, "pizza_id"=>1, "restaurant"=>{}}
  [1m[36mRestaurant Load (0.2ms)[0m  [1m[34mSELECT "restaurants".* FROM "restaurants"[0m
  ↳ app/controllers/restaurants_controller.rb:4:in `index'
Completed 200 OK in 2ms (Views: 1.8ms | ActiveRecord: 0.2ms | Allocations: 1032)


Started GET "/restaurant_pizzas" for ::1 at 2023-06-26 12:17:49 +0300
  
ActionController::RoutingError (No route matches [GET] "/restaurant_pizzas"):
  
Started POST "/restaurant_pizzas" for ::1 at 2023-06-26 12:18:07 +0300
Processing by RestaurantPizzasController#create as */*
  Parameters: {"price"=>20, "restaurant_id"=>3, "pizza_id"=>1, "restaurant_pizza"=>{"price"=>20, "pizza_id"=>1, "restaurant_id"=>3}}
[31mUnpermitted parameter: :restaurant_pizza[0m
  [1m[36mTRANSACTION (0.1ms)[0m  [1m[36mbegin transaction[0m
  ↳ app/controllers/restaurant_pizzas_controller.rb:3:in `create'
  [1m[36mPizza Load (0.1ms)[0m  [1m[34mSELECT "pizzas".* FROM "pizzas" WHERE "pizzas"."id" = ? LIMIT ?[0m  [["id", 1], ["LIMIT", 1]]
  ↳ app/controllers/restaurant_pizzas_controller.rb:3:in `create'
  [1m[36mRestaurant Load (0.0ms)[0m  [1m[34mSELECT "restaurants".* FROM "restaurants" WHERE "restaurants"."id" = ? LIMIT ?[0m  [["id", 3], ["LIMIT", 1]]
  ↳ app/controllers/restaurant_pizzas_controller.rb:3:in `create'
  [1m[36mTRANSACTION (0.1ms)[0m  [1m[31mrollback transaction[0m
  ↳ app/controllers/restaurant_pizzas_controller.rb:3:in `create'
Completed 422 Unprocessable Entity in 6ms (ActiveRecord: 0.2ms | Allocations: 3575)


  
ActiveRecord::RecordInvalid (Validation failed: Pizza must exist, Restaurant must exist):
  
app/controllers/restaurant_pizzas_controller.rb:3:in `create'
Started POST "/restaurant_pizzas" for ::1 at 2023-06-26 12:18:16 +0300
Processing by RestaurantPizzasController#create as */*
  Parameters: {"price"=>20, "restaurant_id"=>4, "pizza_id"=>1, "restaurant_pizza"=>{"price"=>20, "pizza_id"=>1, "restaurant_id"=>4}}
[31mUnpermitted parameter: :restaurant_pizza[0m
  [1m[36mTRANSACTION (0.1ms)[0m  [1m[36mbegin transaction[0m
  ↳ app/controllers/restaurant_pizzas_controller.rb:3:in `create'
  [1m[36mPizza Load (0.1ms)[0m  [1m[34mSELECT "pizzas".* FROM "pizzas" WHERE "pizzas"."id" = ? LIMIT ?[0m  [["id", 1], ["LIMIT", 1]]
  ↳ app/controllers/restaurant_pizzas_controller.rb:3:in `create'
  [1m[36mRestaurant Load (0.1ms)[0m  [1m[34mSELECT "restaurants".* FROM "restaurants" WHERE "restaurants"."id" = ? LIMIT ?[0m  [["id", 4], ["LIMIT", 1]]
  ↳ app/controllers/restaurant_pizzas_controller.rb:3:in `create'
  [1m[36mTRANSACTION (0.1ms)[0m  [1m[31mrollback transaction[0m
  ↳ app/controllers/restaurant_pizzas_controller.rb:3:in `create'
Completed 422 Unprocessable Entity in 6ms (ActiveRecord: 0.3ms | Allocations: 3073)


  
ActiveRecord::RecordInvalid (Validation failed: Pizza must exist):
  
app/controllers/restaurant_pizzas_controller.rb:3:in `create'
Started POST "/restaurant_pizzas" for ::1 at 2023-06-26 12:18:24 +0300
Processing by RestaurantPizzasController#create as */*
  Parameters: {"price"=>20, "restaurant_id"=>4, "pizza_id"=>5, "restaurant_pizza"=>{"price"=>20, "pizza_id"=>5, "restaurant_id"=>4}}
[31mUnpermitted parameter: :restaurant_pizza[0m
  [1m[36mTRANSACTION (0.1ms)[0m  [1m[36mbegin transaction[0m
  ↳ app/controllers/restaurant_pizzas_controller.rb:3:in `create'
  [1m[36mPizza Load (0.1ms)[0m  [1m[34mSELECT "pizzas".* FROM "pizzas" WHERE "pizzas"."id" = ? LIMIT ?[0m  [["id", 5], ["LIMIT", 1]]
  ↳ app/controllers/restaurant_pizzas_controller.rb:3:in `create'
  [1m[36mRestaurant Load (0.1ms)[0m  [1m[34mSELECT "restaurants".* FROM "restaurants" WHERE "restaurants"."id" = ? LIMIT ?[0m  [["id", 4], ["LIMIT", 1]]
  ↳ app/controllers/restaurant_pizzas_controller.rb:3:in `create'
  [1m[36mRestaurantPizza Create (4.1ms)[0m  [1m[32mINSERT INTO "restaurant_pizzas" ("price", "pizza_id", "restaurant_id", "created_at", "updated_at") VALUES (?, ?, ?, ?, ?)[0m  [["price", 20], ["pizza_id", 5], ["restaurant_id", 4], ["created_at", "2023-06-26 09:18:24.065910"], ["updated_at", "2023-06-26 09:18:24.065910"]]
  ↳ app/controllers/restaurant_pizzas_controller.rb:3:in `create'
  [1m[36mTRANSACTION (10.4ms)[0m  [1m[36mcommit transaction[0m
  ↳ app/controllers/restaurant_pizzas_controller.rb:3:in `create'
Completed 201 Created in 24ms (Views: 0.4ms | ActiveRecord: 14.7ms | Allocations: 5018)


